[0.000000] (-) TimerEvent: {}
[0.007962] (p_controller) JobQueued: {'identifier': 'p_controller', 'dependencies': OrderedDict()}
[0.008047] (ros2_aruco) JobQueued: {'identifier': 'ros2_aruco', 'dependencies': OrderedDict()}
[0.008068] (ros2_aruco_interfaces) JobQueued: {'identifier': 'ros2_aruco_interfaces', 'dependencies': OrderedDict()}
[0.008084] (ros2_shared) JobQueued: {'identifier': 'ros2_shared', 'dependencies': OrderedDict()}
[0.008100] (tello_description) JobQueued: {'identifier': 'tello_description', 'dependencies': OrderedDict()}
[0.008115] (tello_msgs) JobQueued: {'identifier': 'tello_msgs', 'dependencies': OrderedDict()}
[0.008130] (tello_pilot) JobQueued: {'identifier': 'tello_pilot', 'dependencies': OrderedDict()}
[0.008144] (tello_driver) JobQueued: {'identifier': 'tello_driver', 'dependencies': OrderedDict([('ros2_shared', '/home/slaven/tello_ros_ws/install/ros2_shared'), ('tello_msgs', '/home/slaven/tello_ros_ws/install/tello_msgs')])}
[0.008167] (tello_gazebo) JobQueued: {'identifier': 'tello_gazebo', 'dependencies': OrderedDict([('tello_msgs', '/home/slaven/tello_ros_ws/install/tello_msgs')])}
[0.008184] (tello_msgs) JobStarted: {'identifier': 'tello_msgs'}
[0.010566] (ros2_shared) JobStarted: {'identifier': 'ros2_shared'}
[0.023018] (tello_msgs) JobProgress: {'identifier': 'tello_msgs', 'progress': 'cmake'}
[0.024057] (tello_msgs) JobProgress: {'identifier': 'tello_msgs', 'progress': 'build'}
[0.025207] (tello_msgs) Command: {'cmd': ['/usr/bin/cmake', '--build', '/home/slaven/tello_ros_ws/build/tello_msgs', '--', '-j2', '-l2'], 'cwd': '/home/slaven/tello_ros_ws/build/tello_msgs', 'env': OrderedDict([('LESSOPEN', '| /usr/bin/lesspipe %s'), ('USER', 'slaven'), ('LC_TIME', 'hr_HR.UTF-8'), ('XDG_SESSION_TYPE', 'wayland'), ('SHLVL', '1'), ('LD_LIBRARY_PATH', '/home/slaven/tello_ros_ws/install/tello_gazebo/lib:/home/slaven/tello_ros_ws/install/tello_driver/lib:/home/slaven/tello_ros_ws/install/tello_msgs/lib:/home/slaven/tello_ros_ws/install/ros2_aruco_interfaces/lib:/usr/lib/x86_64-linux-gnu/gazebo-11/plugins:/opt/ros/humble/opt/rviz_ogre_vendor/lib:/opt/ros/humble/lib/x86_64-linux-gnu:/opt/ros/humble/lib'), ('HOME', '/home/slaven'), ('DESKTOP_SESSION', 'ubuntu'), ('ROS_PYTHON_VERSION', '3'), ('GNOME_SHELL_SESSION_MODE', 'ubuntu'), ('GTK_MODULES', 'gail:atk-bridge'), ('LC_MONETARY', 'hr_HR.UTF-8'), ('SYSTEMD_EXEC_PID', '2514'), ('DBUS_SESSION_BUS_ADDRESS', 'unix:path=/run/user/1000/bus'), ('COLORTERM', 'truecolor'), ('IM_CONFIG_PHASE', '1'), ('WAYLAND_DISPLAY', 'wayland-0'), ('COLCON_PREFIX_PATH', '/home/slaven/tello_ros_ws/install'), ('ROS_DISTRO', 'humble'), ('LOGNAME', 'slaven'), ('_', '/usr/bin/colcon'), ('ROS_VERSION', '2'), ('XDG_SESSION_CLASS', 'user'), ('USERNAME', 'slaven'), ('TERM', 'xterm-256color'), ('GNOME_DESKTOP_SESSION_ID', 'this-is-deprecated'), ('ROS_LOCALHOST_ONLY', '0'), ('PATH', '/opt/ros/humble/bin:/usr/local/sbin:/usr/local/bin:/usr/sbin:/usr/bin:/sbin:/bin:/usr/games:/usr/local/games:/snap/bin:/snap/bin'), ('SESSION_MANAGER', 'local/slaven:@/tmp/.ICE-unix/1245,unix/slaven:/tmp/.ICE-unix/1245'), ('XDG_MENU_PREFIX', 'gnome-'), ('LC_ADDRESS', 'hr_HR.UTF-8'), ('GNOME_TERMINAL_SCREEN', '/org/gnome/Terminal/screen/b4558bcc_d27e_4551_b627_791695ba9ec8'), ('GNOME_SETUP_DISPLAY', ':1'), ('XDG_RUNTIME_DIR', '/run/user/1000'), ('DISPLAY', ':0'), ('LANG', 'en_US.UTF-8'), ('XDG_CURRENT_DESKTOP', 'ubuntu:GNOME'), ('LC_TELEPHONE', 'hr_HR.UTF-8'), ('XMODIFIERS', '@im=ibus'), ('XDG_SESSION_DESKTOP', 'ubuntu'), ('XAUTHORITY', '/run/user/1000/.mutter-Xwaylandauth.LQXGU2'), ('LS_COLORS', 'rs=0:di=01;34:ln=01;36:mh=00:pi=40;33:so=01;35:do=01;35:bd=40;33;01:cd=40;33;01:or=40;31;01:mi=00:su=37;41:sg=30;43:ca=30;41:tw=30;42:ow=34;42:st=37;44:ex=01;32:*.tar=01;31:*.tgz=01;31:*.arc=01;31:*.arj=01;31:*.taz=01;31:*.lha=01;31:*.lz4=01;31:*.lzh=01;31:*.lzma=01;31:*.tlz=01;31:*.txz=01;31:*.tzo=01;31:*.t7z=01;31:*.zip=01;31:*.z=01;31:*.dz=01;31:*.gz=01;31:*.lrz=01;31:*.lz=01;31:*.lzo=01;31:*.xz=01;31:*.zst=01;31:*.tzst=01;31:*.bz2=01;31:*.bz=01;31:*.tbz=01;31:*.tbz2=01;31:*.tz=01;31:*.deb=01;31:*.rpm=01;31:*.jar=01;31:*.war=01;31:*.ear=01;31:*.sar=01;31:*.rar=01;31:*.alz=01;31:*.ace=01;31:*.zoo=01;31:*.cpio=01;31:*.7z=01;31:*.rz=01;31:*.cab=01;31:*.wim=01;31:*.swm=01;31:*.dwm=01;31:*.esd=01;31:*.jpg=01;35:*.jpeg=01;35:*.mjpg=01;35:*.mjpeg=01;35:*.gif=01;35:*.bmp=01;35:*.pbm=01;35:*.pgm=01;35:*.ppm=01;35:*.tga=01;35:*.xbm=01;35:*.xpm=01;35:*.tif=01;35:*.tiff=01;35:*.png=01;35:*.svg=01;35:*.svgz=01;35:*.mng=01;35:*.pcx=01;35:*.mov=01;35:*.mpg=01;35:*.mpeg=01;35:*.m2v=01;35:*.mkv=01;35:*.webm=01;35:*.webp=01;35:*.ogm=01;35:*.mp4=01;35:*.m4v=01;35:*.mp4v=01;35:*.vob=01;35:*.qt=01;35:*.nuv=01;35:*.wmv=01;35:*.asf=01;35:*.rm=01;35:*.rmvb=01;35:*.flc=01;35:*.avi=01;35:*.fli=01;35:*.flv=01;35:*.gl=01;35:*.dl=01;35:*.xcf=01;35:*.xwd=01;35:*.yuv=01;35:*.cgm=01;35:*.emf=01;35:*.ogv=01;35:*.ogx=01;35:*.aac=00;36:*.au=00;36:*.flac=00;36:*.m4a=00;36:*.mid=00;36:*.midi=00;36:*.mka=00;36:*.mp3=00;36:*.mpc=00;36:*.ogg=00;36:*.ra=00;36:*.wav=00;36:*.oga=00;36:*.opus=00;36:*.spx=00;36:*.xspf=00;36:'), ('GNOME_TERMINAL_SERVICE', ':1.100'), ('SSH_AGENT_LAUNCHER', 'gnome-keyring'), ('SSH_AUTH_SOCK', '/run/user/1000/keyring/ssh'), ('AMENT_PREFIX_PATH', '/home/slaven/tello_ros_ws/install/tello_pilot:/home/slaven/tello_ros_ws/install/tello_gazebo:/home/slaven/tello_ros_ws/install/tello_driver:/home/slaven/tello_ros_ws/install/tello_msgs:/home/slaven/tello_ros_ws/install/tello_description:/home/slaven/tello_ros_ws/install/ros2_shared:/home/slaven/tello_ros_ws/install/ros2_aruco_interfaces:/home/slaven/tello_ros_ws/install/ros2_aruco:/home/slaven/tello_ros_ws/install/p_controller:/opt/ros/humble'), ('SHELL', '/bin/bash'), ('LC_NAME', 'hr_HR.UTF-8'), ('QT_ACCESSIBILITY', '1'), ('GDMSESSION', 'ubuntu'), ('LESSCLOSE', '/usr/bin/lesspipe %s %s'), ('LC_MEASUREMENT', 'hr_HR.UTF-8'), ('LC_IDENTIFICATION', 'hr_HR.UTF-8'), ('QT_IM_MODULE', 'ibus'), ('PWD', '/home/slaven/tello_ros_ws/build/tello_msgs'), ('LC_ALL', 'en_US.UTF-8'), ('XDG_CONFIG_DIRS', '/etc/xdg/xdg-ubuntu:/etc/xdg'), ('XDG_DATA_DIRS', '/usr/share/ubuntu:/usr/local/share/:/usr/share/:/var/lib/snapd/desktop'), ('PYTHONPATH', '/home/slaven/tello_ros_ws/install/tello_pilot/lib/python3.10/site-packages:/home/slaven/tello_ros_ws/install/tello_msgs/local/lib/python3.10/dist-packages:/home/slaven/tello_ros_ws/install/ros2_aruco_interfaces/local/lib/python3.10/dist-packages:/home/slaven/tello_ros_ws/install/ros2_aruco/lib/python3.10/site-packages:/home/slaven/tello_ros_ws/install/p_controller/lib/python3.10/site-packages:/opt/ros/humble/lib/python3.10/site-packages:/opt/ros/humble/local/lib/python3.10/dist-packages'), ('LC_NUMERIC', 'hr_HR.UTF-8'), ('LC_PAPER', 'hr_HR.UTF-8'), ('COLCON', '1'), ('VTE_VERSION', '6800'), ('CMAKE_PREFIX_PATH', '/home/slaven/tello_ros_ws/install/tello_gazebo:/home/slaven/tello_ros_ws/install/tello_driver:/home/slaven/tello_ros_ws/install/tello_msgs:/home/slaven/tello_ros_ws/install/tello_description:/home/slaven/tello_ros_ws/install/ros2_shared:/home/slaven/tello_ros_ws/install/ros2_aruco_interfaces:/home/slaven/tello_ros_ws/install/tello_pilot:/home/slaven/tello_ros_ws/install/ros2_aruco:/home/slaven/tello_ros_ws/install/p_controller:/opt/ros/humble')]), 'shell': False}
[0.034271] (ros2_shared) JobProgress: {'identifier': 'ros2_shared', 'progress': 'cmake'}
[0.034950] (ros2_shared) JobProgress: {'identifier': 'ros2_shared', 'progress': 'build'}
[0.035248] (ros2_shared) Command: {'cmd': ['/usr/bin/cmake', '--build', '/home/slaven/tello_ros_ws/build/ros2_shared', '--', '-j2', '-l2'], 'cwd': '/home/slaven/tello_ros_ws/build/ros2_shared', 'env': OrderedDict([('LESSOPEN', '| /usr/bin/lesspipe %s'), ('USER', 'slaven'), ('LC_TIME', 'hr_HR.UTF-8'), ('XDG_SESSION_TYPE', 'wayland'), ('SHLVL', '1'), ('LD_LIBRARY_PATH', '/home/slaven/tello_ros_ws/install/tello_gazebo/lib:/home/slaven/tello_ros_ws/install/tello_driver/lib:/home/slaven/tello_ros_ws/install/tello_msgs/lib:/home/slaven/tello_ros_ws/install/ros2_aruco_interfaces/lib:/usr/lib/x86_64-linux-gnu/gazebo-11/plugins:/opt/ros/humble/opt/rviz_ogre_vendor/lib:/opt/ros/humble/lib/x86_64-linux-gnu:/opt/ros/humble/lib'), ('HOME', '/home/slaven'), ('DESKTOP_SESSION', 'ubuntu'), ('ROS_PYTHON_VERSION', '3'), ('GNOME_SHELL_SESSION_MODE', 'ubuntu'), ('GTK_MODULES', 'gail:atk-bridge'), ('LC_MONETARY', 'hr_HR.UTF-8'), ('SYSTEMD_EXEC_PID', '2514'), ('DBUS_SESSION_BUS_ADDRESS', 'unix:path=/run/user/1000/bus'), ('COLORTERM', 'truecolor'), ('IM_CONFIG_PHASE', '1'), ('WAYLAND_DISPLAY', 'wayland-0'), ('COLCON_PREFIX_PATH', '/home/slaven/tello_ros_ws/install'), ('ROS_DISTRO', 'humble'), ('LOGNAME', 'slaven'), ('_', '/usr/bin/colcon'), ('ROS_VERSION', '2'), ('XDG_SESSION_CLASS', 'user'), ('USERNAME', 'slaven'), ('TERM', 'xterm-256color'), ('GNOME_DESKTOP_SESSION_ID', 'this-is-deprecated'), ('ROS_LOCALHOST_ONLY', '0'), ('PATH', '/opt/ros/humble/bin:/usr/local/sbin:/usr/local/bin:/usr/sbin:/usr/bin:/sbin:/bin:/usr/games:/usr/local/games:/snap/bin:/snap/bin'), ('SESSION_MANAGER', 'local/slaven:@/tmp/.ICE-unix/1245,unix/slaven:/tmp/.ICE-unix/1245'), ('XDG_MENU_PREFIX', 'gnome-'), ('LC_ADDRESS', 'hr_HR.UTF-8'), ('GNOME_TERMINAL_SCREEN', '/org/gnome/Terminal/screen/b4558bcc_d27e_4551_b627_791695ba9ec8'), ('GNOME_SETUP_DISPLAY', ':1'), ('XDG_RUNTIME_DIR', '/run/user/1000'), ('DISPLAY', ':0'), ('LANG', 'en_US.UTF-8'), ('XDG_CURRENT_DESKTOP', 'ubuntu:GNOME'), ('LC_TELEPHONE', 'hr_HR.UTF-8'), ('XMODIFIERS', '@im=ibus'), ('XDG_SESSION_DESKTOP', 'ubuntu'), ('XAUTHORITY', '/run/user/1000/.mutter-Xwaylandauth.LQXGU2'), ('LS_COLORS', 'rs=0:di=01;34:ln=01;36:mh=00:pi=40;33:so=01;35:do=01;35:bd=40;33;01:cd=40;33;01:or=40;31;01:mi=00:su=37;41:sg=30;43:ca=30;41:tw=30;42:ow=34;42:st=37;44:ex=01;32:*.tar=01;31:*.tgz=01;31:*.arc=01;31:*.arj=01;31:*.taz=01;31:*.lha=01;31:*.lz4=01;31:*.lzh=01;31:*.lzma=01;31:*.tlz=01;31:*.txz=01;31:*.tzo=01;31:*.t7z=01;31:*.zip=01;31:*.z=01;31:*.dz=01;31:*.gz=01;31:*.lrz=01;31:*.lz=01;31:*.lzo=01;31:*.xz=01;31:*.zst=01;31:*.tzst=01;31:*.bz2=01;31:*.bz=01;31:*.tbz=01;31:*.tbz2=01;31:*.tz=01;31:*.deb=01;31:*.rpm=01;31:*.jar=01;31:*.war=01;31:*.ear=01;31:*.sar=01;31:*.rar=01;31:*.alz=01;31:*.ace=01;31:*.zoo=01;31:*.cpio=01;31:*.7z=01;31:*.rz=01;31:*.cab=01;31:*.wim=01;31:*.swm=01;31:*.dwm=01;31:*.esd=01;31:*.jpg=01;35:*.jpeg=01;35:*.mjpg=01;35:*.mjpeg=01;35:*.gif=01;35:*.bmp=01;35:*.pbm=01;35:*.pgm=01;35:*.ppm=01;35:*.tga=01;35:*.xbm=01;35:*.xpm=01;35:*.tif=01;35:*.tiff=01;35:*.png=01;35:*.svg=01;35:*.svgz=01;35:*.mng=01;35:*.pcx=01;35:*.mov=01;35:*.mpg=01;35:*.mpeg=01;35:*.m2v=01;35:*.mkv=01;35:*.webm=01;35:*.webp=01;35:*.ogm=01;35:*.mp4=01;35:*.m4v=01;35:*.mp4v=01;35:*.vob=01;35:*.qt=01;35:*.nuv=01;35:*.wmv=01;35:*.asf=01;35:*.rm=01;35:*.rmvb=01;35:*.flc=01;35:*.avi=01;35:*.fli=01;35:*.flv=01;35:*.gl=01;35:*.dl=01;35:*.xcf=01;35:*.xwd=01;35:*.yuv=01;35:*.cgm=01;35:*.emf=01;35:*.ogv=01;35:*.ogx=01;35:*.aac=00;36:*.au=00;36:*.flac=00;36:*.m4a=00;36:*.mid=00;36:*.midi=00;36:*.mka=00;36:*.mp3=00;36:*.mpc=00;36:*.ogg=00;36:*.ra=00;36:*.wav=00;36:*.oga=00;36:*.opus=00;36:*.spx=00;36:*.xspf=00;36:'), ('GNOME_TERMINAL_SERVICE', ':1.100'), ('SSH_AGENT_LAUNCHER', 'gnome-keyring'), ('SSH_AUTH_SOCK', '/run/user/1000/keyring/ssh'), ('AMENT_PREFIX_PATH', '/home/slaven/tello_ros_ws/install/tello_pilot:/home/slaven/tello_ros_ws/install/tello_gazebo:/home/slaven/tello_ros_ws/install/tello_driver:/home/slaven/tello_ros_ws/install/tello_msgs:/home/slaven/tello_ros_ws/install/tello_description:/home/slaven/tello_ros_ws/install/ros2_shared:/home/slaven/tello_ros_ws/install/ros2_aruco_interfaces:/home/slaven/tello_ros_ws/install/ros2_aruco:/home/slaven/tello_ros_ws/install/p_controller:/opt/ros/humble'), ('SHELL', '/bin/bash'), ('LC_NAME', 'hr_HR.UTF-8'), ('QT_ACCESSIBILITY', '1'), ('GDMSESSION', 'ubuntu'), ('LESSCLOSE', '/usr/bin/lesspipe %s %s'), ('LC_MEASUREMENT', 'hr_HR.UTF-8'), ('LC_IDENTIFICATION', 'hr_HR.UTF-8'), ('QT_IM_MODULE', 'ibus'), ('PWD', '/home/slaven/tello_ros_ws/build/ros2_shared'), ('LC_ALL', 'en_US.UTF-8'), ('XDG_CONFIG_DIRS', '/etc/xdg/xdg-ubuntu:/etc/xdg'), ('XDG_DATA_DIRS', '/usr/share/ubuntu:/usr/local/share/:/usr/share/:/var/lib/snapd/desktop'), ('PYTHONPATH', '/home/slaven/tello_ros_ws/install/tello_pilot/lib/python3.10/site-packages:/home/slaven/tello_ros_ws/install/tello_msgs/local/lib/python3.10/dist-packages:/home/slaven/tello_ros_ws/install/ros2_aruco_interfaces/local/lib/python3.10/dist-packages:/home/slaven/tello_ros_ws/install/ros2_aruco/lib/python3.10/site-packages:/home/slaven/tello_ros_ws/install/p_controller/lib/python3.10/site-packages:/opt/ros/humble/lib/python3.10/site-packages:/opt/ros/humble/local/lib/python3.10/dist-packages'), ('LC_NUMERIC', 'hr_HR.UTF-8'), ('LC_PAPER', 'hr_HR.UTF-8'), ('COLCON', '1'), ('VTE_VERSION', '6800'), ('CMAKE_PREFIX_PATH', '/home/slaven/tello_ros_ws/install/tello_gazebo:/home/slaven/tello_ros_ws/install/tello_driver:/home/slaven/tello_ros_ws/install/tello_msgs:/home/slaven/tello_ros_ws/install/tello_description:/home/slaven/tello_ros_ws/install/ros2_shared:/home/slaven/tello_ros_ws/install/ros2_aruco_interfaces:/home/slaven/tello_ros_ws/install/tello_pilot:/home/slaven/tello_ros_ws/install/ros2_aruco:/home/slaven/tello_ros_ws/install/p_controller:/opt/ros/humble')]), 'shell': False}
[0.100012] (-) TimerEvent: {}
[0.122839] (ros2_shared) CommandEnded: {'returncode': 0}
[0.140559] (tello_msgs) StderrLine: {'line': b'gmake[2]: *** [CMakeFiles/tello_msgs__cpp.dir/build.make:193: CMakeFiles/tello_msgs__cpp.dir/depend] Interrupt\n'}
[0.142430] (tello_msgs) StderrLine: {'line': b'gmake[1]: *** [CMakeFiles/Makefile2:316: CMakeFiles/tello_msgs__cpp.dir/all] Interrupt\n'}
[0.143684] (tello_msgs) StderrLine: {'line': b'gmake[2]: *** [CMakeFiles/tello_msgs__rosidl_generator_c.dir/build.make:251: CMakeFiles/tello_msgs__rosidl_generator_c.dir/depend] Interrupt\n'}
[0.143873] (tello_msgs) StderrLine: {'line': b'gmake[1]: *** [CMakeFiles/Makefile2:212: CMakeFiles/tello_msgs__rosidl_generator_c.dir/all] Interrupt\n'}
[0.143936] (tello_msgs) StderrLine: {'line': b'gmake: *** [Makefile:146: all] Interrupt\n'}
[0.153934] (ros2_shared) StderrLine: {'line': b'Traceback (most recent call last):\n  File "/usr/lib/python3/dist-packages/colcon_parallel_executor/executor/parallel.py", line 75, in execute\n    loop.run_until_complete(future)\n  File "/usr/lib/python3.10/asyncio/base_events.py", line 636, in run_until_complete\n    self.run_forever()\n  File "/usr/lib/python3.10/asyncio/base_events.py", line 603, in run_forever\n    self._run_once()\n  File "/usr/lib/python3.10/asyncio/base_events.py", line 1871, in _run_once\n    event_list = self._selector.select(timeout)\n  File "/usr/lib/python3.10/selectors.py", line 469, in select\n    fd_event_list = self._selector.poll(timeout, max_ev)\nKeyboardInterrupt\n\nDuring handling of the above exception, another exception occurred:\n\nTraceback (most recent call last):\n  File "/usr/lib/python3/dist-packages/colcon_core/executor/__init__.py", line 91, in __call__\n    rc = await self.task(*args, **kwargs)\n  File "/usr/lib/python3/dist-packages/colcon_core/task/__init__.py", line 93, in __call__\n    return await task_method(*args, **kwargs)\n  File "/usr/lib/python3/dist-packages/colcon_ros/task/ament_cmake/build.py", line 59, in build\n    rc = await extension.build(\n  File "/usr/lib/python3/dist-packages/colcon_cmake/task/cmake/build.py", line 110, in build\n    if await has_target(args.build_base, \'install\'):\n  File "/usr/lib/python3/dist-packages/colcon_cmake/task/cmake/__init__.py", line 57, in has_target\n    return target in await get_makefile_targets(path)\n  File "/usr/lib/python3/dist-packages/colcon_cmake/task/cmake/__init__.py", line 77, in get_makefile_targets\n    output = await check_output([\n  File "/usr/lib/python3/dist-packages/colcon_core/subprocess.py", line 129, in check_output\n    assert not rc, f\'Expected {args} to pass: {stderr_data}\'\nAssertionError: Expected [\'/usr/bin/cmake\', \'--build\', \'/home/slaven/tello_ros_ws/build/ros2_shared\', \'--target\', \'help\'] to pass: \n'}
[0.154193] (ros2_shared) JobEnded: {'identifier': 'ros2_shared', 'rc': 'SIGINT'}
[0.155847] (tello_msgs) JobEnded: {'identifier': 'tello_msgs', 'rc': 'SIGINT'}
[0.167891] (p_controller) JobSkipped: {'identifier': 'p_controller'}
[0.167933] (ros2_aruco) JobSkipped: {'identifier': 'ros2_aruco'}
[0.167946] (ros2_aruco_interfaces) JobSkipped: {'identifier': 'ros2_aruco_interfaces'}
[0.167963] (tello_description) JobSkipped: {'identifier': 'tello_description'}
[0.168046] (tello_pilot) JobSkipped: {'identifier': 'tello_pilot'}
[0.168070] (tello_driver) JobSkipped: {'identifier': 'tello_driver'}
[0.168085] (tello_gazebo) JobSkipped: {'identifier': 'tello_gazebo'}
[0.168100] (-) EventReactorShutdown: {}
